\BOOKMARK [1][-]{Dedication.1}{Dedication}{}% 1
\BOOKMARK [1][-]{Originality declaration.1}{Originality declaration}{}% 2
\BOOKMARK [1][-]{Abstract.1}{Abstract}{}% 3
\BOOKMARK [1][-]{tableofcontents.1}{Contents}{}% 4
\BOOKMARK [0][]{section*.4}{Acronyms}{}% 5
\BOOKMARK [-1][]{part.1}{Introduction}{}% 6
\BOOKMARK [0][]{chapter.1}{1 Introduction, context and aims}{part.1}% 7
\BOOKMARK [-1][]{part.2}{Development and results}{}% 8
\BOOKMARK [0][]{chapter.2}{2 The Kerr spacetime}{part.2}% 9
\BOOKMARK [1][-]{section.2.1}{2.1 The Kerr metric in Boyer-Lindquist coordinates}{chapter.2}% 10
\BOOKMARK [1][-]{section.2.2}{2.2 Symmetries}{chapter.2}% 11
\BOOKMARK [1][-]{section.2.3}{2.3 The curvature}{chapter.2}% 12
\BOOKMARK [1][-]{section.2.4}{2.4 Singularities and horizons}{chapter.2}% 13
\BOOKMARK [1][-]{section.2.5}{2.5 ZAMOS}{chapter.2}% 14
\BOOKMARK [1][-]{section.2.6}{2.6 The ergosphere}{chapter.2}% 15
\BOOKMARK [1][-]{section.2.7}{2.7 The Penrose process}{chapter.2}% 16
\BOOKMARK [0][]{chapter.3}{3 The Kerr-Schild coordinate system}{part.2}% 17
\BOOKMARK [1][-]{section.3.1}{3.1 Metric in Eddington-Finkenstain coordinates}{chapter.3}% 18
\BOOKMARK [1][-]{section.3.2}{3.2 Metric in Kerr-Schild form}{chapter.3}% 19
\BOOKMARK [2][-]{subsection.3.2.1}{3.2.1 Displaying the metric in Kerr-Schild coordinates}{section.3.2}% 20
\BOOKMARK [2][-]{subsection.3.2.2}{3.2.2 Surface embedding into Kerr-Schild coordinates}{section.3.2}% 21
\BOOKMARK [1][-]{section.3.3}{3.3 Conserved quantities in Kerr-Schild coordinates}{chapter.3}% 22
\BOOKMARK [2][-]{subsection.3.3.1}{3.3.1 Killing vectors}{section.3.3}% 23
\BOOKMARK [2][-]{subsection.3.3.2}{3.3.2 Killing tensors}{section.3.3}% 24
\BOOKMARK [0][]{chapter.4}{4 Maximal Extension}{part.2}% 25
\BOOKMARK [1][-]{section.4.1}{4.1 Ring identification}{chapter.4}% 26
\BOOKMARK [1][-]{section.4.2}{4.2 Kerr-Schild patches}{chapter.4}% 27
\BOOKMARK [1][-]{section.4.3}{4.3 Causality violations}{chapter.4}% 28
\BOOKMARK [0][]{chapter.5}{5 Axis of symmetry}{part.2}% 29
\BOOKMARK [1][-]{section.5.1}{5.1 Hamiltonian equations of the geodesics}{chapter.5}% 30
\BOOKMARK [1][-]{section.5.2}{5.2 Variation ranges and causal structure}{chapter.5}% 31
\BOOKMARK [1][-]{section.5.3}{5.3 Phase space and dynamic equations}{chapter.5}% 32
\BOOKMARK [2][-]{subsection.5.3.1}{5.3.1 Null geodesics}{section.5.3}% 33
\BOOKMARK [2][-]{subsection.5.3.2}{5.3.2 Timelike geodesics}{section.5.3}% 34
\BOOKMARK [1][-]{section.5.4}{5.4 Lower energy orbit}{chapter.5}% 35
\BOOKMARK [0][]{chapter.6}{6 The equatorial plane: The inner disk}{part.2}% 36
\BOOKMARK [1][-]{section.6.1}{6.1 Hamiltonian equations of the geodesics}{chapter.6}% 37
\BOOKMARK [1][-]{section.6.2}{6.2 Variation ranges and causal structure}{chapter.6}% 38
\BOOKMARK [1][-]{section.6.3}{6.3 Stability of the inner disk}{chapter.6}% 39
\BOOKMARK [1][-]{section.6.4}{6.4 A glimpse at the geodesics outside the inner disk}{chapter.6}% 40
\BOOKMARK [0][]{chapter.7}{7 Numerical resolution of the geodesics}{part.2}% 41
\BOOKMARK [-1][]{part.3}{Conclusions and comments}{}% 42
\BOOKMARK [0][]{chapter.8}{8 Conclusions}{part.3}% 43
\BOOKMARK [-1][]{part.4}{Appendix}{}% 44
\BOOKMARK [0][]{appendix.A}{A Killing vectors and Killing tensors}{part.4}% 45
\BOOKMARK [1][-]{section.A.1}{A.1 Properties of Killing vectors}{appendix.A}% 46
\BOOKMARK [1][-]{section.A.2}{A.2 Killing vectors and Lagrangian symmetries}{appendix.A}% 47
\BOOKMARK [1][-]{section.A.3}{A.3 Killing vectors and first integrals}{appendix.A}% 48
\BOOKMARK [1][-]{section.A.4}{A.4 Noether currents and Killing vectors}{appendix.A}% 49
\BOOKMARK [1][-]{section.A.5}{A.5 Killing Tensors}{appendix.A}% 50
\BOOKMARK [1][-]{section.A.6}{A.6 Killing algebra}{appendix.A}% 51
